0 info it worked if it ends with ok
1 verbose cli [ '/usr/local/bin/node', '/usr/local/bin/npm', 'publish' ]
2 info using npm@2.15.8
3 info using node@v4.4.7
4 verbose publish [ '.' ]
5 silly cache add args [ '.', null ]
6 verbose cache add spec .
7 silly cache add parsed spec Result {
7 silly cache add   raw: '.',
7 silly cache add   scope: null,
7 silly cache add   name: null,
7 silly cache add   rawSpec: '.',
7 silly cache add   spec: '/Users/rml249/Code/starwars-names',
7 silly cache add   type: 'directory' }
8 verbose addLocalDirectory /Users/rml249/.npm/starwars-names/1.0.0/package.tgz not in flight; packing
9 verbose correctMkdir /Users/rml249/.npm correctMkdir not in flight; initializing
10 verbose tar pack [ '/Users/rml249/.npm/starwars-names/1.0.0/package.tgz',
10 verbose tar pack   '/Users/rml249/Code/starwars-names' ]
11 verbose tarball /Users/rml249/.npm/starwars-names/1.0.0/package.tgz
12 verbose folder /Users/rml249/Code/starwars-names
13 info prepublish starwars-names@1.0.0
14 verbose addLocalTarball adding from inside cache /Users/rml249/.npm/starwars-names/1.0.0/package.tgz
15 verbose correctMkdir /Users/rml249/.npm correctMkdir not in flight; initializing
16 silly cache afterAdd starwars-names@1.0.0
17 verbose afterAdd /Users/rml249/.npm/starwars-names/1.0.0/package/package.json not in flight; writing
18 verbose correctMkdir /Users/rml249/.npm correctMkdir not in flight; initializing
19 verbose afterAdd /Users/rml249/.npm/starwars-names/1.0.0/package/package.json written
20 silly publish { name: 'starwars-names',
20 silly publish   version: '1.0.0',
20 silly publish   description: 'Get random Star Wars names',
20 silly publish   main: 'src/index.js',
20 silly publish   scripts: { test: 'echo "Error: no test specified" && exit 1' },
20 silly publish   repository:
20 silly publish    { type: 'git',
20 silly publish      url: 'git+https://github.com/rogermle/starwars-names.git' },
20 silly publish   keywords: [ 'random', 'star', 'wars' ],
20 silly publish   author: { name: 'Roger Le', email: 'rogermle@gmail.com' },
20 silly publish   license: 'MIT',
20 silly publish   bugs: { url: 'https://github.com/rogermle/starwars-names/issues' },
20 silly publish   homepage: 'https://github.com/rogermle/starwars-names#readme',
20 silly publish   dependencies: { 'unique-random-array': '1.0.0' },
20 silly publish   readme: '# starwars-names\n',
20 silly publish   readmeFilename: 'README.md',
20 silly publish   gitHead: 'a658301be15eaa6254a80cfb484aa9f658fe7a0e',
20 silly publish   _id: 'starwars-names@1.0.0',
20 silly publish   _shasum: '52688c035652e67b39eed6b7956aef938960e410',
20 silly publish   _from: '.' }
21 verbose getPublishConfig undefined
22 silly mapToRegistry name starwars-names
23 silly mapToRegistry using default registry
24 silly mapToRegistry registry https://registry.npmjs.org/
25 silly mapToRegistry data Result {
25 silly mapToRegistry   raw: 'starwars-names',
25 silly mapToRegistry   scope: null,
25 silly mapToRegistry   name: 'starwars-names',
25 silly mapToRegistry   rawSpec: '',
25 silly mapToRegistry   spec: 'latest',
25 silly mapToRegistry   type: 'tag' }
26 silly mapToRegistry uri https://registry.npmjs.org/starwars-names
27 verbose publish registryBase https://registry.npmjs.org/
28 silly publish uploading /Users/rml249/.npm/starwars-names/1.0.0/package.tgz
29 verbose request uri https://registry.npmjs.org/starwars-names
30 verbose request sending authorization for write operation
31 info attempt registry request try #1 at 5:11:34 PM
32 verbose request using bearer token for auth
33 verbose request id 8c0307f6586aaa39
34 http request PUT https://registry.npmjs.org/starwars-names
35 http 403 https://registry.npmjs.org/starwars-names
36 verbose headers { 'content-type': 'application/json',
36 verbose headers   'cache-control': 'max-age=300',
36 verbose headers   'content-length': '108',
36 verbose headers   'accept-ranges': 'bytes',
36 verbose headers   date: 'Wed, 03 Aug 2016 22:11:35 GMT',
36 verbose headers   via: '1.1 varnish',
36 verbose headers   connection: 'keep-alive',
36 verbose headers   'x-served-by': 'cache-dfw1848-DFW',
36 verbose headers   'x-cache': 'MISS',
36 verbose headers   'x-cache-hits': '0',
36 verbose headers   'x-timer': 'S1470262294.939052,VS0,VE373',
36 verbose headers   vary: 'Accept-Encoding' }
37 verbose request invalidating /Users/rml249/.npm/registry.npmjs.org/starwars-names on PUT
38 error publish Failed PUT 403
39 verbose stack Error: you do not have permission to publish "starwars-names". Are you logged in as the correct user? : starwars-names
39 verbose stack     at makeError (/usr/local/lib/node_modules/npm/node_modules/npm-registry-client/lib/request.js:264:12)
39 verbose stack     at CachingRegistryClient.<anonymous> (/usr/local/lib/node_modules/npm/node_modules/npm-registry-client/lib/request.js:252:14)
39 verbose stack     at Request._callback (/usr/local/lib/node_modules/npm/node_modules/npm-registry-client/lib/request.js:172:14)
39 verbose stack     at Request.self.callback (/usr/local/lib/node_modules/npm/node_modules/request/request.js:200:22)
39 verbose stack     at emitTwo (events.js:87:13)
39 verbose stack     at Request.emit (events.js:172:7)
39 verbose stack     at Request.<anonymous> (/usr/local/lib/node_modules/npm/node_modules/request/request.js:1067:10)
39 verbose stack     at emitOne (events.js:82:20)
39 verbose stack     at Request.emit (events.js:169:7)
39 verbose stack     at IncomingMessage.<anonymous> (/usr/local/lib/node_modules/npm/node_modules/request/request.js:988:12)
40 verbose statusCode 403
41 verbose pkgid starwars-names
42 verbose cwd /Users/rml249/Code/starwars-names
43 error Darwin 15.6.0
44 error argv "/usr/local/bin/node" "/usr/local/bin/npm" "publish"
45 error node v4.4.7
46 error npm  v2.15.8
47 error code E403
48 error you do not have permission to publish "starwars-names". Are you logged in as the correct user? : starwars-names
49 error If you need help, you may report this error at:
49 error     <https://github.com/npm/npm/issues>
50 verbose exit [ 1, true ]
